cl : command line warning D9035: option 'clr:pure' has been deprecated and will be removed in a future release
  Stdafx.cpp
cl : command line warning D9035: option 'clr:pure' has been deprecated and will be removed in a future release
  lz4hc_32.cpp
  lz4hc_64.cpp
  lz4_32.cpp
  lz4_64.cpp
  .NETFramework,Version=v4.0,Profile=Client.AssemblyAttributes.cpp
  Generating Code...
cl : command line warning D9035: option 'clr:pure' has been deprecated and will be removed in a future release
  AssemblyInfo.cpp
D:\pdf\lz4net\sourceCode\lz4net\source\LZ4cc\AssemblyInfo.cpp(40,29): warning C4947: 'System::Security::Permissions::SecurityAction::RequestMinimum': marked as obsolete
D:\pdf\lz4net\sourceCode\lz4net\source\LZ4cc\AssemblyInfo.cpp(40,29): message : Message: 'Assembly level declarative security is obsolete and is no longer enforced by the CLR by default. See http://go.microsoft.com/fwlink/?LinkID=155570 for more information.'
  LZ4Codec.32.cpp
  LZ4Codec.64.cpp
  LZ4Codec.Shared.cpp
  Generating Code...
  lz4hc_32.obj : /DEBUG:FASTLINK is not supported when managed code is present; restarting link with /DEBUG:FULL
  lz4hc_32.obj : MSIL module encountered; incremental linking is disabled for MSIL; performing full link
  LZ4cc.vcxproj -> D:\pdf\lz4net\sourceCode\lz4net\source\bin\x64\Debug\LZ4cc.dll
